20:11:59.463 [main] INFO  eDziennikFX.Server - Server started on port 7245
20:12:02.226 [JavaFX Application Thread] INFO  Client.Main - Client application started.
20:12:35.088 [JavaFX Application Thread] INFO  Client.ConnectController - Quit button clicked.
20:12:35.102 [main] INFO  Client.Main - Client application exiting.
20:20:57.082 [main] INFO  eDziennikFX.Server - Server started on port 7245
20:21:04.081 [JavaFX Application Thread] INFO  Client.Main - Client application started.
20:21:13.211 [JavaFX Application Thread] INFO  Client.ConnectController - Connect button clicked.
20:21:13.213 [main] INFO  eDziennikFX.Server - Accepted connection from 127.0.0.1
20:21:13.215 [JavaFX Application Thread] INFO  Client.ConnectionHandler - Connected to server: 127.0.0.1:7245 - CONNECTED!
20:21:13.217 [main] INFO  eDziennikFX.ClientHandler - New client ID: 0 IP: 127.0.0.1 - CONNECTED
20:21:13.257 [JavaFX Application Thread] INFO  Client.ConnectController - Connection established to localhost:7245
20:21:20.008 [JavaFX Application Thread] INFO  Client.LoginController - User Admin logged in. UserID: 3, Role: admin
20:21:21.210 [JavaFX Application Thread] INFO  Client.SelectStudentController - Logged out. Navigated to clientLogin.fxml
20:21:22.311 [JavaFX Application Thread] INFO  Client.ConnectionHandler - Connection closed.
20:21:22.311 [JavaFX Application Thread] INFO  Client.LoginController - User Admin disconnected.
20:21:22.311 [Thread-2] ERROR eDziennikFX.ClientHandler - Error in client handling: null
20:21:22.716 [JavaFX Application Thread] INFO  Client.ConnectController - Quit button clicked.
20:21:22.733 [main] INFO  Client.Main - Client application exiting.
20:38:59.933 [main] INFO  eDziennikFX.Server - Server started on port 7245
20:40:52.000 [main] INFO  eDziennikFX.Server - Server started on port 7245
20:41:05.767 [main] INFO  eDziennikFX.Server - Server started on port 7245
20:42:52.215 [main] INFO  eDziennikFX.Server - Server started on port 7245
20:47:53.208 [main] INFO  eDziennikFX.Server - Server started on port 7245
20:48:11.813 [main] INFO  eDziennikFX.Server - Server started on port 7245
20:52:25.562 [main] INFO  eDziennikFX.Server - Server started on port 7245
20:54:09.421 [main] INFO  eDziennikFX.Server - Server started on port 7245
20:54:27.730 [main] INFO  eDziennikFX.Server - Server started on port 7245
20:56:24.419 [main] INFO  eDziennikFX.Server - Server started on port 7245
20:56:45.976 [main] INFO  eDziennikFX.Server - Server started on port 7245
20:59:24.892 [main] INFO  eDziennikFX.Server - Server started on port 7245
21:00:49.245 [main] INFO  eDziennikFX.Server - Server started on port 7245
21:02:49.068 [main] INFO  eDziennikFX.Server - Server started on port 7245
21:03:01.983 [main] INFO  eDziennikFX.Server - Server started on port 7245
21:03:21.089 [main] INFO  eDziennikFX.Server - Server started on port 7245
21:04:31.497 [main] INFO  eDziennikFX.Server - Server started on port 7245
21:05:47.700 [main] INFO  eDziennikFX.Server - Server started on port 7245
21:17:23.998 [main] INFO  eDziennikFX.Server - Server started on port 7245
